0 info it worked if it ends with ok
1 verbose cli [ 'C:\\Program Files\\nodejs\\node.exe',
1 verbose cli   'C:\\Program Files\\nodejs\\node_modules\\npm\\bin\\npm-cli.js',
1 verbose cli   'install',
1 verbose cli   '--no-bin-links' ]
2 info using npm@2.15.9
3 info using node@v4.5.0
4 verbose readDependencies loading dependencies from C:\Users\matti\github\webprog\1dv022\mw222xd-examination-1\package.json
5 verbose install where, deps [ 'C:\\Users\\matti\\github\\webprog\\1dv022\\mw222xd-examination-1',
5 verbose install   [ 'nodemon' ] ]
6 verbose install where, peers [ 'C:\\Users\\matti\\github\\webprog\\1dv022\\mw222xd-examination-1',
6 verbose install   [] ]
7 verbose installManyTop reading for lifecycle C:\Users\matti\github\webprog\1dv022\mw222xd-examination-1\package.json
8 info preinstall @1dv022/jekyll-boilerplate@1.0.0
9 verbose installManyTop reading scoped package data from C:\Users\matti\github\webprog\1dv022\mw222xd-examination-1\node_modules\nodemon\package.json
10 verbose readDependencies loading dependencies from C:\Users\matti\github\webprog\1dv022\mw222xd-examination-1\package.json
11 verbose targetResolver reading package data from C:\Users\matti\github\webprog\1dv022\mw222xd-examination-1\node_modules\nodemon\package.json
12 verbose targetResolver reading package data from C:\Users\matti\github\webprog\1dv022\mw222xd-examination-1\node_modules\.bin\nodemon\package.json
13 verbose targetResolver reading package data from C:\Users\matti\github\webprog\1dv022\mw222xd-examination-1\node_modules\.bin\nodemon.cmd\package.json
14 verbose already installed skipping nodemon@^1.7.3 C:\Users\matti\github\webprog\1dv022\mw222xd-examination-1
15 silly install resolved []
16 info build C:\Users\matti\github\webprog\1dv022\mw222xd-examination-1
17 info install @1dv022/jekyll-boilerplate@1.0.0
18 info postinstall @1dv022/jekyll-boilerplate@1.0.0
19 verbose unsafe-perm in lifecycle true
20 info @1dv022/jekyll-boilerplate@1.0.0 Failed to exec postinstall script
21 verbose stack Error: @1dv022/jekyll-boilerplate@1.0.0 postinstall: `bundle install`
21 verbose stack Exit status 1
21 verbose stack     at EventEmitter.<anonymous> (C:\Program Files\nodejs\node_modules\npm\lib\utils\lifecycle.js:217:16)
21 verbose stack     at emitTwo (events.js:87:13)
21 verbose stack     at EventEmitter.emit (events.js:172:7)
21 verbose stack     at ChildProcess.<anonymous> (C:\Program Files\nodejs\node_modules\npm\lib\utils\spawn.js:24:14)
21 verbose stack     at emitTwo (events.js:87:13)
21 verbose stack     at ChildProcess.emit (events.js:172:7)
21 verbose stack     at maybeClose (internal/child_process.js:829:16)
21 verbose stack     at Process.ChildProcess._handle.onexit (internal/child_process.js:211:5)
22 verbose pkgid @1dv022/jekyll-boilerplate@1.0.0
23 verbose cwd C:\Users\matti\github\webprog\1dv022\mw222xd-examination-1
24 error Windows_NT 10.0.14393
25 error argv "C:\\Program Files\\nodejs\\node.exe" "C:\\Program Files\\nodejs\\node_modules\\npm\\bin\\npm-cli.js" "install" "--no-bin-links"
26 error node v4.5.0
27 error npm  v2.15.9
28 error code ELIFECYCLE
29 error @1dv022/jekyll-boilerplate@1.0.0 postinstall: `bundle install`
29 error Exit status 1
30 error Failed at the @1dv022/jekyll-boilerplate@1.0.0 postinstall script 'bundle install'.
30 error This is most likely a problem with the @1dv022/jekyll-boilerplate package,
30 error not with npm itself.
30 error Tell the author that this fails on your system:
30 error     bundle install
30 error You can get information on how to open an issue for this project with:
30 error     npm bugs @1dv022/jekyll-boilerplate
30 error Or if that isn't available, you can get their info via:
30 error
30 error     npm owner ls @1dv022/jekyll-boilerplate
30 error There is likely additional logging output above.
31 verbose exit [ 1, true ]
